{
  "/Users/medmouine/aws-cdk-scheduled-workflows/lib/index.ts": {
    "path": "/Users/medmouine/aws-cdk-scheduled-workflows/lib/index.ts",
    "statementMap": {
      "0": { "start": { "line": 1, "column": 0 }, "end": { "line": 1, "column": 38 } },
      "1": { "start": { "line": 12, "column": 4 }, "end": { "line": 12, "column": null } },
      "2": { "start": { "line": 13, "column": 4 }, "end": { "line": 13, "column": null } },
      "3": { "start": { "line": 13, "column": 52 }, "end": { "line": 13, "column": 70 } },
      "4": { "start": { "line": 8, "column": 0 }, "end": { "line": 8, "column": 13 } },
      "5": { "start": { "line": 17, "column": 0 }, "end": { "line": 17, "column": 26 } }
    },
    "fnMap": {
      "0": {
        "name": "(anonymous_4)",
        "decl": { "start": { "line": 11, "column": 2 }, "end": { "line": 11, "column": 14 } },
        "loc": { "start": { "line": 11, "column": 65 }, "end": { "line": 14, "column": 3 } }
      },
      "1": {
        "name": "(anonymous_5)",
        "decl": { "start": { "line": 13, "column": 39 }, "end": { "line": 13, "column": 40 } },
        "loc": { "start": { "line": 13, "column": 52 }, "end": { "line": 13, "column": 70 } }
      }
    },
    "branchMap": {},
    "s": { "0": 3, "1": 0, "2": 0, "3": 0, "4": 3, "5": 3 },
    "f": { "0": 0, "1": 0 },
    "b": {}
  },
  "/Users/medmouine/aws-cdk-scheduled-workflows/lib/triggers/CustomTrigger.ts": {
    "path": "/Users/medmouine/aws-cdk-scheduled-workflows/lib/triggers/CustomTrigger.ts",
    "statementMap": {
      "0": { "start": { "line": 3, "column": 0 }, "end": { "line": 3, "column": 53 } },
      "1": { "start": { "line": 11, "column": 4 }, "end": { "line": 11, "column": null } },
      "2": { "start": { "line": 12, "column": 4 }, "end": { "line": 12, "column": null } },
      "3": { "start": { "line": 18, "column": 4 }, "end": { "line": 18, "column": null } },
      "4": { "start": { "line": 9, "column": 0 }, "end": { "line": 9, "column": 13 } }
    },
    "fnMap": {
      "0": {
        "name": "(anonymous_0)",
        "decl": { "start": { "line": 10, "column": 2 }, "end": { "line": 10, "column": 14 } },
        "loc": { "start": { "line": 10, "column": 69 }, "end": { "line": 13, "column": 3 } }
      },
      "1": {
        "name": "(anonymous_1)",
        "decl": { "start": { "line": 17, "column": 2 }, "end": { "line": 17, "column": 11 } },
        "loc": { "start": { "line": 17, "column": 11 }, "end": { "line": 19, "column": 3 } }
      }
    },
    "branchMap": {},
    "s": { "0": 2, "1": 6, "2": 6, "3": 2, "4": 2 },
    "f": { "0": 6, "1": 2 },
    "b": {}
  },
  "/Users/medmouine/aws-cdk-scheduled-workflows/lib/triggers/Trigger.ts": {
    "path": "/Users/medmouine/aws-cdk-scheduled-workflows/lib/triggers/Trigger.ts",
    "statementMap": {
      "0": { "start": { "line": 1, "column": 0 }, "end": { "line": 1, "column": 34 } },
      "1": { "start": { "line": 2, "column": 0 }, "end": { "line": 2, "column": 48 } },
      "2": { "start": { "line": 3, "column": 0 }, "end": { "line": 3, "column": 38 } },
      "3": { "start": { "line": 4, "column": 0 }, "end": { "line": 4, "column": 34 } },
      "4": { "start": { "line": 30, "column": 4 }, "end": { "line": 30, "column": null } },
      "5": { "start": { "line": 25, "column": 9 }, "end": { "line": 25, "column": null } },
      "6": { "start": { "line": 32, "column": 4 }, "end": { "line": 34, "column": null } },
      "7": { "start": { "line": 33, "column": 6 }, "end": { "line": 33, "column": null } },
      "8": { "start": { "line": 35, "column": 4 }, "end": { "line": 37, "column": null } },
      "9": { "start": { "line": 36, "column": 6 }, "end": { "line": 36, "column": null } },
      "10": { "start": { "line": 41, "column": 4 }, "end": { "line": 41, "column": null } },
      "11": { "start": { "line": 42, "column": 4 }, "end": { "line": 42, "column": null } },
      "12": { "start": { "line": 46, "column": 4 }, "end": { "line": 46, "column": null } },
      "13": { "start": { "line": 47, "column": 4 }, "end": { "line": 47, "column": null } },
      "14": { "start": { "line": 51, "column": 4 }, "end": { "line": 54, "column": null } },
      "15": { "start": { "line": 52, "column": 6 }, "end": { "line": 54, "column": 26 } },
      "16": { "start": { "line": 54, "column": 10 }, "end": { "line": 54, "column": 24 } },
      "17": { "start": { "line": 55, "column": 4 }, "end": { "line": 55, "column": null } },
      "18": { "start": { "line": 59, "column": 4 }, "end": { "line": 62, "column": null } },
      "19": { "start": { "line": 24, "column": 0 }, "end": { "line": 24, "column": 22 } },
      "20": { "start": { "line": 66, "column": 23 }, "end": { "line": 74, "column": 1 } },
      "21": { "start": { "line": 67, "column": 2 }, "end": { "line": 69, "column": null } },
      "22": { "start": { "line": 68, "column": 4 }, "end": { "line": 68, "column": null } },
      "23": { "start": { "line": 70, "column": 2 }, "end": { "line": 72, "column": null } },
      "24": { "start": { "line": 71, "column": 4 }, "end": { "line": 71, "column": null } },
      "25": { "start": { "line": 73, "column": 2 }, "end": { "line": 73, "column": null } },
      "26": { "start": { "line": 76, "column": 23 }, "end": { "line": 84, "column": 1 } },
      "27": { "start": { "line": 77, "column": 2 }, "end": { "line": 79, "column": null } },
      "28": { "start": { "line": 78, "column": 4 }, "end": { "line": 78, "column": null } },
      "29": { "start": { "line": 80, "column": 2 }, "end": { "line": 82, "column": null } },
      "30": { "start": { "line": 81, "column": 4 }, "end": { "line": 81, "column": null } },
      "31": { "start": { "line": 83, "column": 2 }, "end": { "line": 83, "column": null } }
    },
    "fnMap": {
      "0": {
        "name": "(anonymous_0)",
        "decl": { "start": { "line": 29, "column": 2 }, "end": { "line": 29, "column": 24 } },
        "loc": { "start": { "line": 29, "column": 77 }, "end": { "line": 38, "column": 3 } }
      },
      "1": {
        "name": "(anonymous_1)",
        "decl": { "start": { "line": 40, "column": 9 }, "end": { "line": 40, "column": 11 } },
        "loc": { "start": { "line": 40, "column": 51 }, "end": { "line": 43, "column": 3 } }
      },
      "2": {
        "name": "(anonymous_2)",
        "decl": { "start": { "line": 45, "column": 9 }, "end": { "line": 45, "column": 14 } },
        "loc": { "start": { "line": 45, "column": 50 }, "end": { "line": 48, "column": 3 } }
      },
      "3": {
        "name": "(anonymous_3)",
        "decl": { "start": { "line": 50, "column": 9 }, "end": { "line": 50, "column": 17 } },
        "loc": { "start": { "line": 50, "column": 17 }, "end": { "line": 56, "column": 3 } }
      },
      "4": {
        "name": "(anonymous_4)",
        "decl": { "start": { "line": 51, "column": 23 }, "end": { "line": 51, "column": 24 } },
        "loc": { "start": { "line": 51, "column": 29 }, "end": { "line": 54, "column": 26 } }
      },
      "5": {
        "name": "(anonymous_5)",
        "decl": { "start": { "line": 53, "column": 18 }, "end": { "line": 53, "column": 19 } },
        "loc": { "start": { "line": 54, "column": 10 }, "end": { "line": 54, "column": 24 } }
      },
      "6": {
        "name": "(anonymous_6)",
        "decl": { "start": { "line": 58, "column": 10 }, "end": { "line": 58, "column": 21 } },
        "loc": { "start": { "line": 58, "column": 65 }, "end": { "line": 63, "column": 3 } }
      },
      "7": {
        "name": "(anonymous_7)",
        "decl": { "start": { "line": 66, "column": 23 }, "end": { "line": 66, "column": 24 } },
        "loc": { "start": { "line": 66, "column": 55 }, "end": { "line": 74, "column": 1 } }
      },
      "8": {
        "name": "(anonymous_8)",
        "decl": { "start": { "line": 76, "column": 23 }, "end": { "line": 76, "column": 24 } },
        "loc": { "start": { "line": 76, "column": 55 }, "end": { "line": 84, "column": 1 } }
      }
    },
    "branchMap": {
      "0": {
        "loc": { "start": { "line": 32, "column": 4 }, "end": { "line": 34, "column": null } },
        "type": "if",
        "locations": [{ "start": { "line": 32, "column": 4 }, "end": { "line": 34, "column": null } }]
      },
      "1": {
        "loc": { "start": { "line": 35, "column": 4 }, "end": { "line": 37, "column": null } },
        "type": "if",
        "locations": [{ "start": { "line": 35, "column": 4 }, "end": { "line": 37, "column": null } }]
      },
      "2": {
        "loc": { "start": { "line": 40, "column": 28 }, "end": { "line": 40, "column": 51 } },
        "type": "default-arg",
        "locations": [{ "start": { "line": 40, "column": 47 }, "end": { "line": 40, "column": 51 } }]
      },
      "3": {
        "loc": { "start": { "line": 45, "column": 27 }, "end": { "line": 45, "column": 50 } },
        "type": "default-arg",
        "locations": [{ "start": { "line": 45, "column": 46 }, "end": { "line": 45, "column": 50 } }]
      },
      "4": {
        "loc": { "start": { "line": 52, "column": 6 }, "end": { "line": 54, "column": 25 } },
        "type": "cond-expr",
        "locations": [
          { "start": { "line": 52, "column": 22 }, "end": { "line": 52, "column": null } },
          { "start": { "line": 52, "column": 22 }, "end": { "line": 54, "column": 25 } }
        ]
      },
      "5": {
        "loc": { "start": { "line": 52, "column": 6 }, "end": { "line": 52, "column": null } },
        "type": "binary-expr",
        "locations": [
          { "start": { "line": 52, "column": 6 }, "end": { "line": 52, "column": null } },
          { "start": { "line": 52, "column": 22 }, "end": { "line": 52, "column": null } }
        ]
      },
      "6": {
        "loc": { "start": { "line": 67, "column": 2 }, "end": { "line": 69, "column": null } },
        "type": "if",
        "locations": [{ "start": { "line": 67, "column": 2 }, "end": { "line": 69, "column": null } }]
      },
      "7": {
        "loc": { "start": { "line": 70, "column": 2 }, "end": { "line": 72, "column": null } },
        "type": "if",
        "locations": [{ "start": { "line": 70, "column": 2 }, "end": { "line": 72, "column": null } }]
      },
      "8": {
        "loc": { "start": { "line": 77, "column": 2 }, "end": { "line": 79, "column": null } },
        "type": "if",
        "locations": [{ "start": { "line": 77, "column": 2 }, "end": { "line": 79, "column": null } }]
      },
      "9": {
        "loc": { "start": { "line": 80, "column": 2 }, "end": { "line": 82, "column": null } },
        "type": "if",
        "locations": [{ "start": { "line": 80, "column": 2 }, "end": { "line": 82, "column": null } }]
      }
    },
    "s": {
      "0": 5,
      "1": 5,
      "2": 5,
      "3": 5,
      "4": 14,
      "5": 14,
      "6": 14,
      "7": 1,
      "8": 14,
      "9": 1,
      "10": 5,
      "11": 5,
      "12": 5,
      "13": 5,
      "14": 1,
      "15": 2,
      "16": 2,
      "17": 1,
      "18": 10,
      "19": 5,
      "20": 5,
      "21": 5,
      "22": 1,
      "23": 4,
      "24": 3,
      "25": 1,
      "26": 5,
      "27": 5,
      "28": 1,
      "29": 4,
      "30": 3,
      "31": 1
    },
    "f": { "0": 14, "1": 5, "2": 5, "3": 1, "4": 2, "5": 2, "6": 10, "7": 5, "8": 5 },
    "b": { "0": [1], "1": [1], "2": [5], "3": [5], "4": [0, 2], "5": [2, 2], "6": [1], "7": [3], "8": [1], "9": [3] }
  },
  "/Users/medmouine/aws-cdk-scheduled-workflows/lib/triggers/index.ts": {
    "path": "/Users/medmouine/aws-cdk-scheduled-workflows/lib/triggers/index.ts",
    "statementMap": {
      "0": { "start": { "line": 1, "column": 0 }, "end": { "line": 1, "column": 25 } },
      "1": { "start": { "line": 2, "column": 0 }, "end": { "line": 2, "column": 25 } }
    },
    "fnMap": {},
    "branchMap": {},
    "s": { "0": 3, "1": 3 },
    "f": {},
    "b": {}
  },
  "/Users/medmouine/aws-cdk-scheduled-workflows/lib/triggers/webhook/HttpWebhookTrigger.ts": {
    "path": "/Users/medmouine/aws-cdk-scheduled-workflows/lib/triggers/webhook/HttpWebhookTrigger.ts",
    "statementMap": {
      "0": { "start": { "line": 1, "column": 0 }, "end": { "line": 1, "column": 34 } },
      "1": { "start": { "line": 3, "column": 0 }, "end": { "line": 3, "column": 57 } },
      "2": { "start": { "line": 4, "column": 0 }, "end": { "line": 4, "column": 48 } },
      "3": { "start": { "line": 6, "column": 0 }, "end": { "line": 6, "column": 24 } },
      "4": { "start": { "line": 7, "column": 0 }, "end": { "line": 7, "column": 54 } },
      "5": { "start": { "line": 8, "column": 0 }, "end": { "line": 8, "column": 28 } },
      "6": { "start": { "line": 25, "column": 4 }, "end": { "line": 25, "column": null } },
      "7": { "start": { "line": 28, "column": 32 }, "end": { "line": 28, "column": 74 } },
      "8": { "start": { "line": 29, "column": 4 }, "end": { "line": 40, "column": null } },
      "9": { "start": { "line": 44, "column": 4 }, "end": { "line": 44, "column": null } },
      "10": { "start": { "line": 21, "column": 0 }, "end": { "line": 21, "column": 13 } },
      "11": { "start": { "line": 48, "column": 22 }, "end": { "line": 66, "column": 1 } },
      "12": { "start": { "line": 49, "column": 2 }, "end": { "line": 51, "column": null } },
      "13": { "start": { "line": 50, "column": 4 }, "end": { "line": 50, "column": null } },
      "14": { "start": { "line": 52, "column": 2 }, "end": { "line": 54, "column": null } },
      "15": { "start": { "line": 53, "column": 4 }, "end": { "line": 53, "column": null } },
      "16": { "start": { "line": 55, "column": 2 }, "end": { "line": 59, "column": null } },
      "17": { "start": { "line": 56, "column": 4 }, "end": { "line": 58, "column": null } },
      "18": { "start": { "line": 60, "column": 2 }, "end": { "line": 64, "column": null } },
      "19": { "start": { "line": 61, "column": 4 }, "end": { "line": 63, "column": null } },
      "20": { "start": { "line": 65, "column": 2 }, "end": { "line": 65, "column": null } }
    },
    "fnMap": {
      "0": {
        "name": "(anonymous_0)",
        "decl": { "start": { "line": 24, "column": 2 }, "end": { "line": 24, "column": 14 } },
        "loc": { "start": { "line": 24, "column": 67 }, "end": { "line": 41, "column": 3 } }
      },
      "1": {
        "name": "(anonymous_1)",
        "decl": { "start": { "line": 43, "column": 2 }, "end": { "line": 43, "column": 11 } },
        "loc": { "start": { "line": 43, "column": 11 }, "end": { "line": 45, "column": 3 } }
      },
      "2": {
        "name": "(anonymous_2)",
        "decl": { "start": { "line": 48, "column": 22 }, "end": { "line": 48, "column": 23 } },
        "loc": { "start": { "line": 48, "column": 112 }, "end": { "line": 66, "column": 1 } }
      }
    },
    "branchMap": {
      "0": {
        "loc": { "start": { "line": 38, "column": 24 }, "end": { "line": 38, "column": 46 } },
        "type": "binary-expr",
        "locations": [
          { "start": { "line": 38, "column": 24 }, "end": { "line": 38, "column": 36 } },
          { "start": { "line": 38, "column": 40 }, "end": { "line": 38, "column": 46 } }
        ]
      },
      "1": {
        "loc": { "start": { "line": 49, "column": 2 }, "end": { "line": 51, "column": null } },
        "type": "if",
        "locations": [{ "start": { "line": 49, "column": 2 }, "end": { "line": 51, "column": null } }]
      },
      "2": {
        "loc": { "start": { "line": 52, "column": 2 }, "end": { "line": 54, "column": null } },
        "type": "if",
        "locations": [{ "start": { "line": 52, "column": 2 }, "end": { "line": 54, "column": null } }]
      },
      "3": {
        "loc": { "start": { "line": 52, "column": 6 }, "end": { "line": 52, "column": 31 } },
        "type": "binary-expr",
        "locations": [
          { "start": { "line": 52, "column": 6 }, "end": { "line": 52, "column": 16 } },
          { "start": { "line": 52, "column": 20 }, "end": { "line": 52, "column": 31 } }
        ]
      },
      "4": {
        "loc": { "start": { "line": 55, "column": 2 }, "end": { "line": 59, "column": null } },
        "type": "if",
        "locations": [{ "start": { "line": 55, "column": 2 }, "end": { "line": 59, "column": null } }]
      },
      "5": {
        "loc": { "start": { "line": 60, "column": 2 }, "end": { "line": 64, "column": null } },
        "type": "if",
        "locations": [{ "start": { "line": 60, "column": 2 }, "end": { "line": 64, "column": null } }]
      }
    },
    "s": {
      "0": 3,
      "1": 3,
      "2": 3,
      "3": 3,
      "4": 3,
      "5": 3,
      "6": 8,
      "7": 8,
      "8": 8,
      "9": 7,
      "10": 3,
      "11": 3,
      "12": 8,
      "13": 2,
      "14": 6,
      "15": 1,
      "16": 5,
      "17": 4,
      "18": 1,
      "19": 1,
      "20": 0
    },
    "f": { "0": 8, "1": 7, "2": 8 },
    "b": { "0": [7, 1], "1": [2], "2": [1], "3": [6, 5], "4": [4], "5": [1] }
  },
  "/Users/medmouine/aws-cdk-scheduled-workflows/lib/triggers/webhook/index.ts": {
    "path": "/Users/medmouine/aws-cdk-scheduled-workflows/lib/triggers/webhook/index.ts",
    "statementMap": {
      "0": { "start": { "line": 1, "column": 0 }, "end": { "line": 1, "column": 36 } },
      "1": { "start": { "line": 2, "column": 0 }, "end": { "line": 2, "column": 24 } }
    },
    "fnMap": {},
    "branchMap": {},
    "s": { "0": 3, "1": 3 },
    "f": {},
    "b": {}
  },
  "/Users/medmouine/aws-cdk-scheduled-workflows/lib/triggers/webhook/github/GithubDispatch.ts": {
    "path": "/Users/medmouine/aws-cdk-scheduled-workflows/lib/triggers/webhook/github/GithubDispatch.ts",
    "statementMap": {
      "0": { "start": { "line": 3, "column": 0 }, "end": { "line": 3, "column": 58 } },
      "1": { "start": { "line": 17, "column": 4 }, "end": { "line": 28, "column": null } },
      "2": { "start": { "line": 15, "column": 0 }, "end": { "line": 15, "column": 22 } }
    },
    "fnMap": {
      "0": {
        "name": "(anonymous_0)",
        "decl": { "start": { "line": 16, "column": 2 }, "end": { "line": 16, "column": 24 } },
        "loc": { "start": { "line": 16, "column": 88 }, "end": { "line": 29, "column": 3 } }
      }
    },
    "branchMap": {},
    "s": { "0": 3, "1": 3, "2": 3 },
    "f": { "0": 3 },
    "b": {}
  },
  "/Users/medmouine/aws-cdk-scheduled-workflows/lib/triggers/webhook/github/GithubRepositoryDispatch.ts": {
    "path": "/Users/medmouine/aws-cdk-scheduled-workflows/lib/triggers/webhook/github/GithubRepositoryDispatch.ts",
    "statementMap": {
      "0": { "start": { "line": 2, "column": 0 }, "end": { "line": 2, "column": 70 } },
      "1": { "start": { "line": 11, "column": 16 }, "end": { "line": 11, "column": 78 } },
      "2": { "start": { "line": 13, "column": 4 }, "end": { "line": 21, "column": null } },
      "3": { "start": { "line": 9, "column": 0 }, "end": { "line": 9, "column": 13 } }
    },
    "fnMap": {
      "0": {
        "name": "(anonymous_0)",
        "decl": { "start": { "line": 10, "column": 2 }, "end": { "line": 10, "column": 14 } },
        "loc": { "start": { "line": 10, "column": 80 }, "end": { "line": 22, "column": 3 } }
      }
    },
    "branchMap": {
      "0": {
        "loc": { "start": { "line": 19, "column": 24 }, "end": { "line": 19, "column": 50 } },
        "type": "cond-expr",
        "locations": [
          { "start": { "line": 19, "column": 44 }, "end": { "line": 19, "column": 48 } },
          { "start": { "line": 19, "column": 48 }, "end": { "line": 19, "column": 50 } }
        ]
      },
      "1": {
        "loc": { "start": { "line": 19, "column": 24 }, "end": { "line": 19, "column": 48 } },
        "type": "binary-expr",
        "locations": [
          { "start": { "line": 19, "column": 24 }, "end": { "line": 19, "column": 48 } },
          { "start": { "line": 19, "column": 44 }, "end": { "line": 19, "column": 48 } }
        ]
      }
    },
    "s": { "0": 3, "1": 1, "2": 1, "3": 3 },
    "f": { "0": 1 },
    "b": { "0": [1, 0], "1": [1, 1] }
  },
  "/Users/medmouine/aws-cdk-scheduled-workflows/lib/triggers/webhook/github/GithubWorkflowDispatch.ts": {
    "path": "/Users/medmouine/aws-cdk-scheduled-workflows/lib/triggers/webhook/github/GithubWorkflowDispatch.ts",
    "statementMap": {
      "0": { "start": { "line": 2, "column": 0 }, "end": { "line": 2, "column": 70 } },
      "1": { "start": { "line": 12, "column": 16 }, "end": { "line": 12, "column": 113 } },
      "2": { "start": { "line": 14, "column": 4 }, "end": { "line": 22, "column": null } },
      "3": { "start": { "line": 10, "column": 0 }, "end": { "line": 10, "column": 13 } }
    },
    "fnMap": {
      "0": {
        "name": "(anonymous_0)",
        "decl": { "start": { "line": 11, "column": 2 }, "end": { "line": 11, "column": 14 } },
        "loc": { "start": { "line": 11, "column": 78 }, "end": { "line": 23, "column": 3 } }
      }
    },
    "branchMap": {
      "0": {
        "loc": { "start": { "line": 19, "column": 13 }, "end": { "line": 19, "column": 31 } },
        "type": "cond-expr",
        "locations": [
          { "start": { "line": 19, "column": 22 }, "end": { "line": 19, "column": 26 } },
          { "start": { "line": 19, "column": 26 }, "end": { "line": 19, "column": 31 } }
        ]
      },
      "1": {
        "loc": { "start": { "line": 19, "column": 13 }, "end": { "line": 19, "column": 26 } },
        "type": "binary-expr",
        "locations": [
          { "start": { "line": 19, "column": 13 }, "end": { "line": 19, "column": 26 } },
          { "start": { "line": 19, "column": 22 }, "end": { "line": 19, "column": 26 } }
        ]
      },
      "2": {
        "loc": { "start": { "line": 20, "column": 16 }, "end": { "line": 20, "column": 34 } },
        "type": "binary-expr",
        "locations": [
          { "start": { "line": 20, "column": 16 }, "end": { "line": 20, "column": 28 } },
          { "start": { "line": 20, "column": 32 }, "end": { "line": 20, "column": 34 } }
        ]
      }
    },
    "s": { "0": 3, "1": 2, "2": 2, "3": 3 },
    "f": { "0": 2 },
    "b": { "0": [1, 1], "1": [2, 2], "2": [2, 0] }
  },
  "/Users/medmouine/aws-cdk-scheduled-workflows/lib/triggers/webhook/github/index.ts": {
    "path": "/Users/medmouine/aws-cdk-scheduled-workflows/lib/triggers/webhook/github/index.ts",
    "statementMap": {
      "0": { "start": { "line": 1, "column": 0 }, "end": { "line": 1, "column": 42 } },
      "1": { "start": { "line": 2, "column": 0 }, "end": { "line": 2, "column": 40 } }
    },
    "fnMap": {},
    "branchMap": {},
    "s": { "0": 3, "1": 3 },
    "f": {},
    "b": {}
  }
}
