TN:
SF:lib/index.ts
FN:11,(anonymous_4)
FN:13,(anonymous_5)
FNF:2
FNH:0
FNDA:0,(anonymous_4)
FNDA:0,(anonymous_5)
DA:1,3
DA:8,3
DA:12,0
DA:13,0
DA:17,3
LF:5
LH:3
BRF:0
BRH:0
end_of_record
TN:
SF:lib/triggers/CustomTrigger.ts
FN:10,(anonymous_0)
FN:17,(anonymous_1)
FNF:2
FNH:2
FNDA:6,(anonymous_0)
FNDA:2,(anonymous_1)
DA:3,2
DA:9,2
DA:11,6
DA:12,6
DA:18,2
LF:5
LH:5
BRF:0
BRH:0
end_of_record
TN:
SF:lib/triggers/Trigger.ts
FN:29,(anonymous_0)
FN:40,(anonymous_1)
FN:45,(anonymous_2)
FN:50,(anonymous_3)
FN:51,(anonymous_4)
FN:53,(anonymous_5)
FN:58,(anonymous_6)
FN:66,(anonymous_7)
FN:76,(anonymous_8)
FNF:9
FNH:9
FNDA:14,(anonymous_0)
FNDA:5,(anonymous_1)
FNDA:5,(anonymous_2)
FNDA:1,(anonymous_3)
FNDA:2,(anonymous_4)
FNDA:2,(anonymous_5)
FNDA:10,(anonymous_6)
FNDA:5,(anonymous_7)
FNDA:5,(anonymous_8)
DA:1,5
DA:2,5
DA:3,5
DA:4,5
DA:24,5
DA:25,14
DA:30,14
DA:32,14
DA:33,1
DA:35,14
DA:36,1
DA:41,5
DA:42,5
DA:46,5
DA:47,5
DA:51,1
DA:52,2
DA:54,2
DA:55,1
DA:59,10
DA:66,5
DA:67,5
DA:68,1
DA:70,4
DA:71,3
DA:73,1
DA:76,5
DA:77,5
DA:78,1
DA:80,4
DA:81,3
DA:83,1
LF:32
LH:32
BRDA:32,0,0,1
BRDA:35,1,0,1
BRDA:40,2,0,5
BRDA:45,3,0,5
BRDA:52,4,0,0
BRDA:52,4,1,2
BRDA:52,5,0,2
BRDA:52,5,1,2
BRDA:67,6,0,1
BRDA:70,7,0,3
BRDA:77,8,0,1
BRDA:80,9,0,3
BRF:12
BRH:11
end_of_record
TN:
SF:lib/triggers/index.ts
FNF:0
FNH:0
DA:1,3
DA:2,3
LF:2
LH:2
BRF:0
BRH:0
end_of_record
TN:
SF:lib/triggers/webhook/HttpWebhookTrigger.ts
FN:24,(anonymous_0)
FN:43,(anonymous_1)
FN:48,(anonymous_2)
FNF:3
FNH:3
FNDA:8,(anonymous_0)
FNDA:7,(anonymous_1)
FNDA:8,(anonymous_2)
DA:1,3
DA:3,3
DA:4,3
DA:6,3
DA:7,3
DA:8,3
DA:21,3
DA:25,8
DA:28,8
DA:29,8
DA:44,7
DA:48,3
DA:49,8
DA:50,2
DA:52,6
DA:53,1
DA:55,5
DA:56,4
DA:60,1
DA:61,1
DA:65,0
LF:21
LH:20
BRDA:38,0,0,7
BRDA:38,0,1,1
BRDA:49,1,0,2
BRDA:52,2,0,1
BRDA:52,3,0,6
BRDA:52,3,1,5
BRDA:55,4,0,4
BRDA:60,5,0,1
BRF:8
BRH:8
end_of_record
TN:
SF:lib/triggers/webhook/index.ts
FNF:0
FNH:0
DA:1,3
DA:2,3
LF:2
LH:2
BRF:0
BRH:0
end_of_record
TN:
SF:lib/triggers/webhook/github/GithubDispatch.ts
FN:16,(anonymous_0)
FNF:1
FNH:1
FNDA:3,(anonymous_0)
DA:3,3
DA:15,3
DA:17,3
LF:3
LH:3
BRF:0
BRH:0
end_of_record
TN:
SF:lib/triggers/webhook/github/GithubRepositoryDispatch.ts
FN:10,(anonymous_0)
FNF:1
FNH:1
FNDA:1,(anonymous_0)
DA:2,3
DA:9,3
DA:11,1
DA:13,1
LF:4
LH:4
BRDA:19,0,0,1
BRDA:19,0,1,0
BRDA:19,1,0,1
BRDA:19,1,1,1
BRF:4
BRH:3
end_of_record
TN:
SF:lib/triggers/webhook/github/GithubWorkflowDispatch.ts
FN:11,(anonymous_0)
FNF:1
FNH:1
FNDA:2,(anonymous_0)
DA:2,3
DA:10,3
DA:12,2
DA:14,2
LF:4
LH:4
BRDA:19,0,0,1
BRDA:19,0,1,1
BRDA:19,1,0,2
BRDA:19,1,1,2
BRDA:20,2,0,2
BRDA:20,2,1,0
BRF:6
BRH:5
end_of_record
TN:
SF:lib/triggers/webhook/github/index.ts
FNF:0
FNH:0
DA:1,3
DA:2,3
LF:2
LH:2
BRF:0
BRH:0
end_of_record
